0 info it worked if it ends with ok
1 verbose cli [ '/usr/local/bin/node',
1 verbose cli   '/usr/local/bin/npm',
1 verbose cli   'install',
1 verbose cli   '-g',
1 verbose cli   'generator-angular',
1 verbose cli   'generator-gulp-webapp' ]
2 info using npm@2.14.2
3 info using node@v4.0.0
4 verbose install initial load of /usr/local/lib/package.json
5 verbose readDependencies loading dependencies from /usr/local/lib/package.json
6 silly cache add args [ 'generator-angular', null ]
7 verbose cache add spec generator-angular
8 silly cache add args [ 'generator-gulp-webapp', null ]
9 verbose cache add spec generator-gulp-webapp
10 silly cache add parsed spec Result {
10 silly cache add   raw: 'generator-angular',
10 silly cache add   scope: null,
10 silly cache add   name: 'generator-angular',
10 silly cache add   rawSpec: '',
10 silly cache add   spec: '*',
10 silly cache add   type: 'range' }
11 silly addNamed generator-angular@*
12 verbose addNamed "*" is a valid semver range for generator-angular
13 silly addNameRange { name: 'generator-angular', range: '*', hasData: false }
14 silly mapToRegistry name generator-angular
15 silly mapToRegistry using default registry
16 silly mapToRegistry registry https://registry.npmjs.org/
17 silly mapToRegistry uri https://registry.npmjs.org/generator-angular
18 verbose addNameRange registry:https://registry.npmjs.org/generator-angular not in flight; fetching
19 silly cache add parsed spec Result {
19 silly cache add   raw: 'generator-gulp-webapp',
19 silly cache add   scope: null,
19 silly cache add   name: 'generator-gulp-webapp',
19 silly cache add   rawSpec: '',
19 silly cache add   spec: '*',
19 silly cache add   type: 'range' }
20 silly addNamed generator-gulp-webapp@*
21 verbose addNamed "*" is a valid semver range for generator-gulp-webapp
22 silly addNameRange { name: 'generator-gulp-webapp', range: '*', hasData: false }
23 silly mapToRegistry name generator-gulp-webapp
24 silly mapToRegistry using default registry
25 silly mapToRegistry registry https://registry.npmjs.org/
26 silly mapToRegistry uri https://registry.npmjs.org/generator-gulp-webapp
27 verbose addNameRange registry:https://registry.npmjs.org/generator-gulp-webapp not in flight; fetching
28 verbose request uri https://registry.npmjs.org/generator-angular
29 verbose request no auth needed
30 info attempt registry request try #1 at 10:40:15 PM
31 verbose request id 88fb262cc438e354
32 verbose etag "ONOMWTG4L376JUGJ2R87TDYZ"
33 http request GET https://registry.npmjs.org/generator-angular
34 verbose request uri https://registry.npmjs.org/generator-gulp-webapp
35 verbose request no auth needed
36 info attempt registry request try #1 at 10:40:15 PM
37 verbose etag "8BSDG5HCU6RHHGA4B6H6VO1SR"
38 http request GET https://registry.npmjs.org/generator-gulp-webapp
39 http 304 https://registry.npmjs.org/generator-angular
40 silly get cb [ 304,
40 silly get   { date: 'Thu, 17 Sep 2015 20:40:15 GMT',
40 silly get     via: '1.1 varnish',
40 silly get     'cache-control': 'max-age=60',
40 silly get     etag: '"ONOMWTG4L376JUGJ2R87TDYZ"',
40 silly get     age: '41',
40 silly get     connection: 'keep-alive',
40 silly get     'x-served-by': 'cache-fra1228-FRA',
40 silly get     'x-cache': 'HIT',
40 silly get     'x-cache-hits': '1',
40 silly get     'x-timer': 'S1442522415.659749,VS0,VE0',
40 silly get     vary: 'Accept' } ]
41 verbose etag https://registry.npmjs.org/generator-angular from cache
42 verbose get saving generator-angular to /home/apache/.npm/registry.npmjs.org/generator-angular/.cache.json
43 http 304 https://registry.npmjs.org/generator-gulp-webapp
44 silly get cb [ 304,
44 silly get   { date: 'Thu, 17 Sep 2015 20:40:15 GMT',
44 silly get     via: '1.1 varnish',
44 silly get     'cache-control': 'max-age=60',
44 silly get     etag: '"8BSDG5HCU6RHHGA4B6H6VO1SR"',
44 silly get     age: '41',
44 silly get     connection: 'keep-alive',
44 silly get     'x-served-by': 'cache-fra1226-FRA',
44 silly get     'x-cache': 'HIT',
44 silly get     'x-cache-hits': '1',
44 silly get     'x-timer': 'S1442522415.664115,VS0,VE0',
44 silly get     vary: 'Accept' } ]
45 verbose etag https://registry.npmjs.org/generator-gulp-webapp from cache
46 verbose get saving generator-gulp-webapp to /home/apache/.npm/registry.npmjs.org/generator-gulp-webapp/.cache.json
47 silly addNameRange number 2 { name: 'generator-angular', range: '*', hasData: true }
48 silly addNameRange versions [ 'generator-angular',
48 silly addNameRange   [ '0.1.0',
48 silly addNameRange     '0.1.1',
48 silly addNameRange     '0.1.2',
48 silly addNameRange     '0.1.3',
48 silly addNameRange     '0.1.4',
48 silly addNameRange     '0.1.5',
48 silly addNameRange     '0.2.0',
48 silly addNameRange     '0.2.1',
48 silly addNameRange     '0.2.2',
48 silly addNameRange     '0.3.0',
48 silly addNameRange     '0.3.1',
48 silly addNameRange     '0.4.0',
48 silly addNameRange     '0.5.0',
48 silly addNameRange     '0.5.1',
48 silly addNameRange     '0.6.0-rc.1',
48 silly addNameRange     '0.6.0-rc.2',
48 silly addNameRange     '0.6.0',
48 silly addNameRange     '0.7.0',
48 silly addNameRange     '0.7.1',
48 silly addNameRange     '0.8.0',
48 silly addNameRange     '0.9.0-0',
48 silly addNameRange     '0.9.0-1',
48 silly addNameRange     '0.9.0',
48 silly addNameRange     '0.9.1',
48 silly addNameRange     '0.9.2',
48 silly addNameRange     '0.9.3',
48 silly addNameRange     '0.9.5',
48 silly addNameRange     '0.9.6',
48 silly addNameRange     '0.9.7',
48 silly addNameRange     '0.9.8',
48 silly addNameRange     '0.10.0',
48 silly addNameRange     '0.11.0',
48 silly addNameRange     '0.11.1',
48 silly addNameRange     '0.12.0',
48 silly addNameRange     '0.11.2',
48 silly addNameRange     '0.12.1' ] ]
49 silly addNamed generator-angular@0.12.1
50 verbose addNamed "0.12.1" is a plain semver version for generator-angular
51 silly addNameRange number 2 { name: 'generator-gulp-webapp', range: '*', hasData: true }
52 silly addNameRange versions [ 'generator-gulp-webapp',
52 silly addNameRange   [ '0.0.1',
52 silly addNameRange     '0.0.3',
52 silly addNameRange     '0.0.4',
52 silly addNameRange     '0.0.5',
52 silly addNameRange     '0.0.6',
52 silly addNameRange     '0.0.7',
52 silly addNameRange     '0.0.8',
52 silly addNameRange     '0.1.0',
52 silly addNameRange     '0.2.0',
52 silly addNameRange     '0.3.0',
52 silly addNameRange     '1.0.0',
52 silly addNameRange     '1.0.1',
52 silly addNameRange     '1.0.2',
52 silly addNameRange     '1.0.3' ] ]
53 silly addNamed generator-gulp-webapp@1.0.3
54 verbose addNamed "1.0.3" is a plain semver version for generator-gulp-webapp
55 silly cache afterAdd generator-angular@0.12.1
56 verbose afterAdd /home/apache/.npm/generator-angular/0.12.1/package/package.json not in flight; writing
57 silly cache afterAdd generator-gulp-webapp@1.0.3
58 verbose afterAdd /home/apache/.npm/generator-gulp-webapp/1.0.3/package/package.json not in flight; writing
59 verbose afterAdd /home/apache/.npm/generator-angular/0.12.1/package/package.json written
60 verbose afterAdd /home/apache/.npm/generator-gulp-webapp/1.0.3/package/package.json written
61 silly install resolved [ { name: 'generator-angular',
61 silly install resolved     version: '0.12.1',
61 silly install resolved     description: 'Yeoman generator for AngularJS',
61 silly install resolved     keywords:
61 silly install resolved      [ 'yeoman-generator',
61 silly install resolved        'scaffold',
61 silly install resolved        'framework',
61 silly install resolved        'component',
61 silly install resolved        'front-end',
61 silly install resolved        'app',
61 silly install resolved        'angular' ],
61 silly install resolved     author: { name: 'The Yeoman Team' },
61 silly install resolved     main: 'app/index.js',
61 silly install resolved     files:
61 silly install resolved      [ 'app',
61 silly install resolved        'common',
61 silly install resolved        'constant',
61 silly install resolved        'controller',
61 silly install resolved        'decorator',
61 silly install resolved        'directive',
61 silly install resolved        'factory',
61 silly install resolved        'filter',
61 silly install resolved        'main',
61 silly install resolved        'provider',
61 silly install resolved        'route',
61 silly install resolved        'service',
61 silly install resolved        'templates',
61 silly install resolved        'value',
61 silly install resolved        'view',
61 silly install resolved        'script-base.js',
61 silly install resolved        'util.js' ],
61 silly install resolved     repository:
61 silly install resolved      { type: 'git',
61 silly install resolved        url: 'git+https://github.com/yeoman/generator-angular.git' },
61 silly install resolved     scripts: { test: 'mocha' },
61 silly install resolved     dependencies:
61 silly install resolved      { chalk: '^1.0.0',
61 silly install resolved        wiredep: '^2.2.0',
61 silly install resolved        'yeoman-generator': '^0.16.0',
61 silly install resolved        yosay: '^1.0.2' },
61 silly install resolved     peerDependencies: { 'generator-karma': '>=0.9.0' },
61 silly install resolved     devDependencies:
61 silly install resolved      { grunt: '^0.4.5',
61 silly install resolved        'grunt-contrib-jshint': '^0.11.0',
61 silly install resolved        'grunt-conventional-changelog': '^1.1.0',
61 silly install resolved        'grunt-release': '^0.11.0',
61 silly install resolved        'load-grunt-tasks': '^3.1.0',
61 silly install resolved        mocha: '*',
61 silly install resolved        semver: '^4.3.0',
61 silly install resolved        'underscore.string': '^3.0.3' },
61 silly install resolved     engines: { node: '>=0.10.0' },
61 silly install resolved     licenses: [ [Object] ],
61 silly install resolved     gitHead: 'd1ffc21e8bd2978a8a198205293b97e4a1faec25',
61 silly install resolved     bugs: { url: 'https://github.com/yeoman/generator-angular/issues' },
61 silly install resolved     homepage: 'https://github.com/yeoman/generator-angular#readme',
61 silly install resolved     _id: 'generator-angular@0.12.1',
61 silly install resolved     _shasum: '3a8775464cfbac132c563b5229306dfbb7b777aa',
61 silly install resolved     _from: 'generator-angular@*',
61 silly install resolved     _npmVersion: '2.11.2',
61 silly install resolved     _nodeVersion: '0.12.5',
61 silly install resolved     _npmUser: { name: 'eddiemonge', email: 'eddie+npm@eddiemonge.com' },
61 silly install resolved     maintainers:
61 silly install resolved      [ [Object],
61 silly install resolved        [Object],
61 silly install resolved        [Object],
61 silly install resolved        [Object],
61 silly install resolved        [Object],
61 silly install resolved        [Object],
61 silly install resolved        [Object] ],
61 silly install resolved     dist:
61 silly install resolved      { shasum: '3a8775464cfbac132c563b5229306dfbb7b777aa',
61 silly install resolved        tarball: 'http://registry.npmjs.org/generator-angular/-/generator-angular-0.12.1.tgz' },
61 silly install resolved     directories: {},
61 silly install resolved     _resolved: 'https://registry.npmjs.org/generator-angular/-/generator-angular-0.12.1.tgz',
61 silly install resolved     readme: 'ERROR: No README data found!' },
61 silly install resolved   { name: 'generator-gulp-webapp',
61 silly install resolved     version: '1.0.3',
61 silly install resolved     description: 'Scaffold out a front-end web app',
61 silly install resolved     license: 'BSD',
61 silly install resolved     repository:
61 silly install resolved      { type: 'git',
61 silly install resolved        url: 'git+https://github.com/yeoman/generator-gulp-webapp.git' },
61 silly install resolved     author: { name: 'The Yeoman Team' },
61 silly install resolved     main: 'app/index.js',
61 silly install resolved     engines: { node: '>=0.10.0', npm: '>=1.3' },
61 silly install resolved     scripts: { test: 'mocha --reporter spec' },
61 silly install resolved     files: [ 'app' ],
61 silly install resolved     keywords:
61 silly install resolved      [ 'yeoman-generator',
61 silly install resolved        'web',
61 silly install resolved        'app',
61 silly install resolved        'front-end',
61 silly install resolved        'h5bp',
61 silly install resolved        'modernizr',
61 silly install resolved        'jquery',
61 silly install resolved        'gulp' ],
61 silly install resolved     dependencies:
61 silly install resolved      { chalk: '^1.0.0',
61 silly install resolved        'generator-jasmine': '^0.2.1',
61 silly install resolved        'generator-mocha': '^0.2.0',
61 silly install resolved        mkdirp: '^0.5.1',
61 silly install resolved        'underscore.string': '^3.1.1',
61 silly install resolved        wiredep: '^2.2.2',
61 silly install resolved        'yeoman-assert': '^2.0.0',
61 silly install resolved        'yeoman-generator': '^0.20.1',
61 silly install resolved        yosay: '^1.0.0' },
61 silly install resolved     devDependencies: { mocha: '*' },
61 silly install resolved     gitHead: 'b839b0e67770effbeae691f0dcf48c5dea36d5a5',
61 silly install resolved     bugs: { url: 'https://github.com/yeoman/generator-gulp-webapp/issues' },
61 silly install resolved     homepage: 'https://github.com/yeoman/generator-gulp-webapp#readme',
61 silly install resolved     _id: 'generator-gulp-webapp@1.0.3',
61 silly install resolved     _shasum: 'de26396da2a60a946382e71ac1b4b120730c30db',
61 silly install resolved     _from: 'generator-gulp-webapp@*',
61 silly install resolved     _npmVersion: '2.9.1',
61 silly install resolved     _nodeVersion: '0.12.3',
61 silly install resolved     _npmUser: { name: 'silvenon', email: 'matija.marohnic@gmail.com' },
61 silly install resolved     dist:
61 silly install resolved      { shasum: 'de26396da2a60a946382e71ac1b4b120730c30db',
61 silly install resolved        tarball: 'http://registry.npmjs.org/generator-gulp-webapp/-/generator-gulp-webapp-1.0.3.tgz' },
61 silly install resolved     maintainers: [ [Object], [Object], [Object], [Object], [Object], [Object] ],
61 silly install resolved     directories: {},
61 silly install resolved     _resolved: 'https://registry.npmjs.org/generator-gulp-webapp/-/generator-gulp-webapp-1.0.3.tgz',
61 silly install resolved     readme: 'ERROR: No README data found!' } ]
62 info install generator-angular@0.12.1 into /usr/local/lib
63 info install generator-gulp-webapp@1.0.3 into /usr/local/lib
64 info installOne generator-angular@0.12.1
65 verbose installOne of generator-angular to /usr/local/lib not in flight; installing
66 info installOne generator-gulp-webapp@1.0.3
67 verbose installOne of generator-gulp-webapp to /usr/local/lib not in flight; installing
68 verbose lock using /home/apache/.npm/_locks/generator-angular-8c05db5f74b13054.lock for /usr/local/lib/node_modules/generator-angular
69 verbose lock using /home/apache/.npm/_locks/generator-gulp-webapp-d88240e1c211c4cf.lock for /usr/local/lib/node_modules/generator-gulp-webapp
70 silly install write writing generator-angular 0.12.1 to /usr/local/lib/node_modules/generator-angular
71 silly install write writing generator-gulp-webapp 1.0.3 to /usr/local/lib/node_modules/generator-gulp-webapp
72 verbose unbuild lib/node_modules/generator-angular
73 verbose unbuild lib/node_modules/generator-gulp-webapp
74 silly gentlyRm /usr/local/lib/node_modules/generator-angular is being purged from base /usr/local
75 verbose gentlyRm don't care about contents; nuking /usr/local/lib/node_modules/generator-angular
76 verbose tar unpack /home/apache/.npm/generator-angular/0.12.1/package.tgz
77 verbose tar unpacking to /usr/local/lib/node_modules/generator-angular
78 silly gentlyRm /usr/local/lib/node_modules/generator-angular is being purged
79 verbose gentlyRm don't care about contents; nuking /usr/local/lib/node_modules/generator-angular
80 silly gentlyRm /usr/local/lib/node_modules/generator-gulp-webapp is being purged from base /usr/local
81 verbose gentlyRm don't care about contents; nuking /usr/local/lib/node_modules/generator-gulp-webapp
82 silly gunzTarPerm modes [ '755', '644' ]
83 verbose tar unpack /home/apache/.npm/generator-gulp-webapp/1.0.3/package.tgz
84 verbose tar unpacking to /usr/local/lib/node_modules/generator-gulp-webapp
85 silly gentlyRm /usr/local/lib/node_modules/generator-gulp-webapp is being purged
86 verbose gentlyRm don't care about contents; nuking /usr/local/lib/node_modules/generator-gulp-webapp
87 silly gunzTarPerm modes [ '755', '644' ]
88 error tar.unpack untar error /home/apache/.npm/generator-angular/0.12.1/package.tgz
89 verbose unlock done using /home/apache/.npm/_locks/generator-angular-8c05db5f74b13054.lock for /usr/local/lib/node_modules/generator-angular
90 error tar.unpack untar error /home/apache/.npm/generator-gulp-webapp/1.0.3/package.tgz
91 verbose unlock done using /home/apache/.npm/_locks/generator-gulp-webapp-d88240e1c211c4cf.lock for /usr/local/lib/node_modules/generator-gulp-webapp
92 verbose fstream_path /usr/local/lib/node_modules/generator-angular
93 verbose fstream_type Directory
94 verbose fstream_class DirWriter
95 verbose stack Error: EACCES: permission denied, mkdir '/usr/local/lib/node_modules/generator-angular'
95 verbose stack     at Error (native)
96 verbose fstream_stack /usr/local/lib/node_modules/npm/node_modules/fstream/lib/dir-writer.js:35:25
96 verbose fstream_stack /usr/local/lib/node_modules/npm/node_modules/mkdirp/index.js:47:53
96 verbose fstream_stack FSReqWrap.oncomplete (fs.js:82:15)
97 verbose cwd /home/apache/Documents/Projects
98 error Linux 3.16.0-38-generic
99 error argv "/usr/local/bin/node" "/usr/local/bin/npm" "install" "-g" "generator-angular" "generator-gulp-webapp"
100 error node v4.0.0
101 error npm  v2.14.2
102 error path /usr/local/lib/node_modules/generator-angular
103 error code EACCES
104 error errno -13
105 error syscall mkdir
106 error Error: EACCES: permission denied, mkdir '/usr/local/lib/node_modules/generator-angular'
106 error     at Error (native)
106 error  { [Error: EACCES: permission denied, mkdir '/usr/local/lib/node_modules/generator-angular']
106 error   errno: -13,
106 error   code: 'EACCES',
106 error   syscall: 'mkdir',
106 error   path: '/usr/local/lib/node_modules/generator-angular',
106 error   fstream_type: 'Directory',
106 error   fstream_path: '/usr/local/lib/node_modules/generator-angular',
106 error   fstream_class: 'DirWriter',
106 error   fstream_stack:
106 error    [ '/usr/local/lib/node_modules/npm/node_modules/fstream/lib/dir-writer.js:35:25',
106 error      '/usr/local/lib/node_modules/npm/node_modules/mkdirp/index.js:47:53',
106 error      'FSReqWrap.oncomplete (fs.js:82:15)' ] }
107 error Please try running this command again as root/Administrator.
108 verbose exit [ -13, true ]
109 verbose unbuild lib/node_modules/generator-angular
110 silly gentlyRm /usr/local/lib/node_modules/generator-angular is being purged from base /usr/local
111 verbose gentlyRm don't care about contents; nuking /usr/local/lib/node_modules/generator-angular
112 verbose unbuild lib/node_modules/generator-gulp-webapp
113 silly gentlyRm /usr/local/lib/node_modules/generator-gulp-webapp is being purged from base /usr/local
114 verbose gentlyRm don't care about contents; nuking /usr/local/lib/node_modules/generator-gulp-webapp
